[ 2017-02-27T14:05:14+08:00 ] 127.0.0.1 /guangtianjin/
INFO: [ app_init ] --START--
INFO: Run Behavior\BuildLiteBehavior [ RunTime:0.000000s ]
INFO: [ app_init ] --END-- [ RunTime:0.001001s ]
INFO: [ app_begin ] --START--
INFO: Run Behavior\ReadHtmlCacheBehavior [ RunTime:0.001000s ]
INFO: [ app_begin ] --END-- [ RunTime:0.002000s ]
INFO: [ view_parse ] --START--
INFO: [ template_filter ] --START--
INFO: Run Behavior\ContentReplaceBehavior [ RunTime:0.000000s ]
INFO: [ template_filter ] --END-- [ RunTime:0.000000s ]
INFO: Run Behavior\ParseTemplateBehavior [ RunTime:0.027001s ]
INFO: [ view_parse ] --END-- [ RunTime:0.027001s ]
INFO: [ view_filter ] --START--
INFO: Run Behavior\WriteHtmlCacheBehavior [ RunTime:0.001000s ]
INFO: [ view_filter ] --END-- [ RunTime:0.001000s ]
INFO: [ app_end ] --START--
INFO: Run Behavior\ShowPageTraceBehavior [ RunTime:0.001000s ]
INFO: [ app_end ] --END-- [ RunTime:0.002000s ]

[ 2017-02-27T14:27:12+08:00 ] 127.0.0.1 /guangtianjin/index.php/Home/Back/
INFO: [ app_init ] --START--
INFO: Run Behavior\BuildLiteBehavior [ RunTime:0.001000s ]
INFO: [ app_init ] --END-- [ RunTime:0.001000s ]
INFO: [ app_begin ] --START--
INFO: Run Behavior\ReadHtmlCacheBehavior [ RunTime:0.002000s ]
INFO: [ app_begin ] --END-- [ RunTime:0.002000s ]

[ 2017-02-27T14:27:47+08:00 ] 127.0.0.1 /guangtianjin/index.php/Home/Back/
INFO: [ app_init ] --START--
INFO: Run Behavior\BuildLiteBehavior [ RunTime:0.000000s ]
INFO: [ app_init ] --END-- [ RunTime:0.001000s ]
INFO: [ app_begin ] --START--
INFO: Run Behavior\ReadHtmlCacheBehavior [ RunTime:0.000000s ]
INFO: [ app_begin ] --END-- [ RunTime:0.002000s ]

[ 2017-02-27T14:28:50+08:00 ] 127.0.0.1 /guangtianjin/index.php/Home/Back/
INFO: [ app_init ] --START--
INFO: Run Behavior\BuildLiteBehavior [ RunTime:0.000000s ]
INFO: [ app_init ] --END-- [ RunTime:0.000000s ]
INFO: [ app_begin ] --START--
INFO: Run Behavior\ReadHtmlCacheBehavior [ RunTime:0.001000s ]
INFO: [ app_begin ] --END-- [ RunTime:0.001000s ]

[ 2017-02-27T14:33:43+08:00 ] 127.0.0.1 /guangtianjin/index.php/Home/Back/
INFO: [ app_init ] --START--
INFO: Run Behavior\BuildLiteBehavior [ RunTime:0.001000s ]
INFO: [ app_init ] --END-- [ RunTime:0.001000s ]
INFO: [ app_begin ] --START--
INFO: Run Behavior\ReadHtmlCacheBehavior [ RunTime:0.002000s ]
INFO: [ app_begin ] --END-- [ RunTime:0.002000s ]
SQL: SHOW COLUMNS FROM `g_admin` [ RunTime:0.0110s ]
SQL: SELECT * FROM `g_admin` WHERE `username` = 'admin' AND `password` = 'e10adc3949ba59abbe56e057f20f883e' LIMIT 1   [ RunTime:0.0280s ]

[ 2017-02-27T14:34:26+08:00 ] 127.0.0.1 /guangtianjin/index.php/Home/Back/
INFO: [ app_init ] --START--
INFO: Run Behavior\BuildLiteBehavior [ RunTime:0.000000s ]
INFO: [ app_init ] --END-- [ RunTime:0.000000s ]
INFO: [ app_begin ] --START--
INFO: Run Behavior\ReadHtmlCacheBehavior [ RunTime:0.001000s ]
INFO: [ app_begin ] --END-- [ RunTime:0.001000s ]

[ 2017-02-27T14:34:31+08:00 ] 127.0.0.1 /guangtianjin/index.php/Home/Back/
INFO: [ app_init ] --START--
INFO: Run Behavior\BuildLiteBehavior [ RunTime:0.000000s ]
INFO: [ app_init ] --END-- [ RunTime:0.003000s ]
INFO: [ app_begin ] --START--
INFO: Run Behavior\ReadHtmlCacheBehavior [ RunTime:0.002000s ]
INFO: [ app_begin ] --END-- [ RunTime:0.003000s ]
INFO: [ app_end ] --START--
INFO: Run Behavior\ShowPageTraceBehavior [ RunTime:0.001001s ]
INFO: [ app_end ] --END-- [ RunTime:0.002001s ]

[ 2017-02-27T14:35:14+08:00 ] 127.0.0.1 /guangtianjin/index.php/Home/Back/
INFO: [ app_init ] --START--
INFO: Run Behavior\BuildLiteBehavior [ RunTime:0.000000s ]
INFO: [ app_init ] --END-- [ RunTime:0.001000s ]
INFO: [ app_begin ] --START--
INFO: Run Behavior\ReadHtmlCacheBehavior [ RunTime:0.001000s ]
INFO: [ app_begin ] --END-- [ RunTime:0.002001s ]
SQL: SHOW COLUMNS FROM `g_userinfo` [ RunTime:0.0100s ]
SQL: SELECT * FROM `g_userinfo`  [ RunTime:0.0010s ]

[ 2017-02-27T14:42:56+08:00 ] 127.0.0.1 /guangtianjin/index.php/Home/Back/
INFO: [ app_init ] --START--
INFO: Run Behavior\BuildLiteBehavior [ RunTime:0.000000s ]
INFO: [ app_init ] --END-- [ RunTime:0.001000s ]
INFO: [ app_begin ] --START--
INFO: Run Behavior\ReadHtmlCacheBehavior [ RunTime:0.001000s ]
INFO: [ app_begin ] --END-- [ RunTime:0.001000s ]
SQL: SHOW COLUMNS FROM `g_userinfo` [ RunTime:0.0140s ]
ERR: 1054:Champ 'id' inconnu dans field list
 [ SQL语句 ] : SELECT `id` FROM `g_userinfo` WHERE `u_id` = '1' LIMIT 1  
ERR: 1054:Champ 'id' inconnu dans field list
 [ SQL语句 ] : SELECT `id` FROM `g_userinfo` WHERE `u_id` = '1' LIMIT 1  

[ 2017-02-27T14:43:17+08:00 ] 127.0.0.1 /guangtianjin/index.php/Home/Back/
INFO: [ app_init ] --START--
INFO: Run Behavior\BuildLiteBehavior [ RunTime:0.000000s ]
INFO: [ app_init ] --END-- [ RunTime:0.001000s ]
INFO: [ app_begin ] --START--
INFO: Run Behavior\ReadHtmlCacheBehavior [ RunTime:0.003000s ]
INFO: [ app_begin ] --END-- [ RunTime:0.003000s ]
SQL: SHOW COLUMNS FROM `g_userinfo` [ RunTime:0.0200s ]
SQL: SELECT `u_id` FROM `g_userinfo` WHERE `u_id` = '1' LIMIT 1   [ RunTime:0.0460s ]
SQL: SELECT * FROM `g_userinfo` WHERE `u_id` = '1' LIMIT 1   [ RunTime:0.0010s ]

[ 2017-02-27T14:45:10+08:00 ] 127.0.0.1 /guangtianjin/index.php/Home/Back/
INFO: [ app_init ] --START--
INFO: Run Behavior\BuildLiteBehavior [ RunTime:0.000000s ]
INFO: [ app_init ] --END-- [ RunTime:0.001000s ]
INFO: [ app_begin ] --START--
INFO: Run Behavior\ReadHtmlCacheBehavior [ RunTime:0.000000s ]
INFO: [ app_begin ] --END-- [ RunTime:0.002000s ]
SQL: SHOW COLUMNS FROM `g_userinfo` [ RunTime:0.0090s ]
SQL: SELECT `u_id` FROM `g_userinfo` WHERE `u_id` = '10' LIMIT 1   [ RunTime:0.0010s ]

[ 2017-02-27T14:45:19+08:00 ] 127.0.0.1 /guangtianjin/index.php/Home/Back/
INFO: [ app_init ] --START--
INFO: Run Behavior\BuildLiteBehavior [ RunTime:0.000000s ]
INFO: [ app_init ] --END-- [ RunTime:0.000000s ]
INFO: [ app_begin ] --START--
INFO: Run Behavior\ReadHtmlCacheBehavior [ RunTime:0.002000s ]
INFO: [ app_begin ] --END-- [ RunTime:0.002000s ]
SQL: SHOW COLUMNS FROM `g_userinfo` [ RunTime:0.0080s ]
SQL: SELECT `u_id` FROM `g_userinfo` WHERE `u_id` = '2' LIMIT 1   [ RunTime:0.0020s ]
SQL: SELECT * FROM `g_userinfo` WHERE `u_id` = '2' LIMIT 1   [ RunTime:0.0010s ]

[ 2017-02-27T15:35:26+08:00 ] 127.0.0.1 /guangtianjin/index.php/Home/Back/
INFO: [ app_init ] --START--
INFO: Run Behavior\BuildLiteBehavior [ RunTime:0.000000s ]
INFO: [ app_init ] --END-- [ RunTime:0.027002s ]
INFO: [ app_begin ] --START--
INFO: Run Behavior\ReadHtmlCacheBehavior [ RunTime:0.004000s ]
INFO: [ app_begin ] --END-- [ RunTime:0.004000s ]

[ 2017-02-27T15:36:30+08:00 ] 127.0.0.1 /guangtianjin/index.php/Home/Back/
INFO: [ app_init ] --START--
INFO: Run Behavior\BuildLiteBehavior [ RunTime:0.001000s ]
INFO: [ app_init ] --END-- [ RunTime:0.004001s ]
INFO: [ app_begin ] --START--
INFO: Run Behavior\ReadHtmlCacheBehavior [ RunTime:0.003000s ]
INFO: [ app_begin ] --END-- [ RunTime:0.004000s ]
SQL: SHOW COLUMNS FROM `g_cate` [ RunTime:0.0210s ]
NOTIC: [8] Undefined index: images D:\wamp\www\guangtianjin\Application\Home\Controller\BackController.class.php 第 131 行.
INFO: [ app_end ] --START--
INFO: Run Behavior\ShowPageTraceBehavior [ RunTime:0.033001s ]
INFO: [ app_end ] --END-- [ RunTime:0.033001s ]

[ 2017-02-27T15:36:38+08:00 ] 127.0.0.1 /guangtianjin/index.php/Home/Back/
INFO: [ app_init ] --START--
INFO: Run Behavior\BuildLiteBehavior [ RunTime:0.000000s ]
INFO: [ app_init ] --END-- [ RunTime:0.001000s ]
INFO: [ app_begin ] --START--
INFO: Run Behavior\ReadHtmlCacheBehavior [ RunTime:0.002000s ]
INFO: [ app_begin ] --END-- [ RunTime:0.002000s ]
SQL: SHOW COLUMNS FROM `g_cate` [ RunTime:0.0270s ]
NOTIC: [8] Undefined index: images D:\wamp\www\guangtianjin\Application\Home\Controller\BackController.class.php 第 131 行.
INFO: [ app_end ] --START--
INFO: Run Behavior\ShowPageTraceBehavior [ RunTime:0.004000s ]
INFO: [ app_end ] --END-- [ RunTime:0.004000s ]

[ 2017-02-27T15:37:39+08:00 ] 127.0.0.1 /guangtianjin/index.php/Home/Back/
INFO: [ app_init ] --START--
INFO: Run Behavior\BuildLiteBehavior [ RunTime:0.000000s ]
INFO: [ app_init ] --END-- [ RunTime:0.004000s ]
INFO: [ app_begin ] --START--
INFO: Run Behavior\ReadHtmlCacheBehavior [ RunTime:0.001000s ]
INFO: [ app_begin ] --END-- [ RunTime:0.003000s ]

[ 2017-02-27T15:38:18+08:00 ] 127.0.0.1 /guangtianjin/index.php/Home/Back/
INFO: [ app_init ] --START--
INFO: Run Behavior\BuildLiteBehavior [ RunTime:0.000000s ]
INFO: [ app_init ] --END-- [ RunTime:0.002000s ]
INFO: [ app_begin ] --START--
INFO: Run Behavior\ReadHtmlCacheBehavior [ RunTime:0.002000s ]
INFO: [ app_begin ] --END-- [ RunTime:0.004000s ]
SQL: SHOW COLUMNS FROM `g_cate` [ RunTime:0.0120s ]
NOTIC: [8] Undefined index: images D:\wamp\www\guangtianjin\Application\Home\Controller\BackController.class.php 第 131 行.
INFO: [ app_end ] --START--
INFO: Run Behavior\ShowPageTraceBehavior [ RunTime:0.002000s ]
INFO: [ app_end ] --END-- [ RunTime:0.004000s ]

[ 2017-02-27T15:39:29+08:00 ] 127.0.0.1 /guangtianjin/index.php/Home/Back/
INFO: [ app_init ] --START--
INFO: Run Behavior\BuildLiteBehavior [ RunTime:0.000000s ]
INFO: [ app_init ] --END-- [ RunTime:0.003000s ]
INFO: [ app_begin ] --START--
INFO: Run Behavior\ReadHtmlCacheBehavior [ RunTime:0.004001s ]
INFO: [ app_begin ] --END-- [ RunTime:0.004001s ]
SQL: SHOW COLUMNS FROM `g_cate` [ RunTime:0.0150s ]

[ 2017-02-27T15:40:59+08:00 ] 127.0.0.1 /guangtianjin/index.php/Home/Back/
INFO: [ app_init ] --START--
INFO: Run Behavior\BuildLiteBehavior [ RunTime:0.000000s ]
INFO: [ app_init ] --END-- [ RunTime:0.002000s ]
INFO: [ app_begin ] --START--
INFO: Run Behavior\ReadHtmlCacheBehavior [ RunTime:0.008001s ]
INFO: [ app_begin ] --END-- [ RunTime:0.009001s ]
SQL: SHOW COLUMNS FROM `g_cate` [ RunTime:0.0160s ]
NOTIC: [8] Undefined index: images D:\wamp\www\guangtianjin\Application\Home\Controller\BackController.class.php 第 132 行.
INFO: [ app_end ] --START--
INFO: Run Behavior\ShowPageTraceBehavior [ RunTime:0.003000s ]
INFO: [ app_end ] --END-- [ RunTime:0.003000s ]

[ 2017-02-27T15:41:35+08:00 ] 127.0.0.1 /guangtianjin/index.php/Home/Back/
INFO: [ app_init ] --START--
INFO: Run Behavior\BuildLiteBehavior [ RunTime:0.000000s ]
INFO: [ app_init ] --END-- [ RunTime:0.002000s ]
INFO: [ app_begin ] --START--
INFO: Run Behavior\ReadHtmlCacheBehavior [ RunTime:0.002001s ]
INFO: [ app_begin ] --END-- [ RunTime:0.002001s ]
SQL: SHOW COLUMNS FROM `g_cate` [ RunTime:0.0180s ]
NOTIC: [8] Undefined index: images D:\wamp\www\guangtianjin\Application\Home\Controller\BackController.class.php 第 132 行.
INFO: [ app_end ] --START--
INFO: Run Behavior\ShowPageTraceBehavior [ RunTime:0.002000s ]
INFO: [ app_end ] --END-- [ RunTime:0.003000s ]

[ 2017-02-27T15:42:39+08:00 ] 127.0.0.1 /guangtianjin/index.php/Home/Back/
INFO: [ app_init ] --START--
INFO: Run Behavior\BuildLiteBehavior [ RunTime:0.000000s ]
INFO: [ app_init ] --END-- [ RunTime:0.005000s ]
INFO: [ app_begin ] --START--
INFO: Run Behavior\ReadHtmlCacheBehavior [ RunTime:0.005000s ]
INFO: [ app_begin ] --END-- [ RunTime:0.009001s ]
SQL: SHOW COLUMNS FROM `g_cate` [ RunTime:0.0160s ]
NOTIC: [8] Undefined index: images D:\wamp\www\guangtianjin\Application\Home\Controller\BackController.class.php 第 132 行.
INFO: [ app_end ] --START--
INFO: Run Behavior\ShowPageTraceBehavior [ RunTime:0.003000s ]
INFO: [ app_end ] --END-- [ RunTime:0.003000s ]

[ 2017-02-27T15:44:10+08:00 ] 127.0.0.1 /guangtianjin/index.php/Home/Back/
INFO: [ app_init ] --START--
INFO: Run Behavior\BuildLiteBehavior [ RunTime:0.000000s ]
INFO: [ app_init ] --END-- [ RunTime:0.001000s ]
INFO: [ app_begin ] --START--
INFO: Run Behavior\ReadHtmlCacheBehavior [ RunTime:0.001000s ]
INFO: [ app_begin ] --END-- [ RunTime:0.001000s ]
SQL: SHOW COLUMNS FROM `g_cate` [ RunTime:0.0560s ]
NOTIC: [2] call_user_func() expects parameter 1 to be a valid callback, no array or string given D:\wamp\www\guangtianjin\ThinkPHP\Library\Think\Upload.class.php 第 170 行.
SQL: INSERT INTO `g_cate` (`c_name`,`c_icon`) VALUES ('练功必备','/Public/uploads/cate/icon/58b3d8ca345d6.png') [ RunTime:0.0810s ]

[ 2017-02-27T15:45:03+08:00 ] 127.0.0.1 /guangtianjin/index.php/Home/Back/
INFO: [ app_init ] --START--
INFO: Run Behavior\BuildLiteBehavior [ RunTime:0.000000s ]
INFO: [ app_init ] --END-- [ RunTime:0.002000s ]
INFO: [ app_begin ] --START--
INFO: Run Behavior\ReadHtmlCacheBehavior [ RunTime:0.002000s ]
INFO: [ app_begin ] --END-- [ RunTime:0.002000s ]
SQL: SHOW COLUMNS FROM `g_cate` [ RunTime:0.0240s ]
NOTIC: [2] call_user_func() expects parameter 1 to be a valid callback, no array or string given D:\wamp\www\guangtianjin\ThinkPHP\Library\Think\Upload.class.php 第 170 行.
SQL: INSERT INTO `g_cate` (`c_name`,`c_icon`) VALUES ('安卓','/Public/uploads/cate/icon/58b3d8ff06b73.png') [ RunTime:0.0030s ]

[ 2017-02-27T16:01:58+08:00 ] 127.0.0.1 /guangtianjin/index.php/Home/Back/
INFO: [ app_init ] --START--
INFO: Run Behavior\BuildLiteBehavior [ RunTime:0.000000s ]
INFO: [ app_init ] --END-- [ RunTime:0.001000s ]
INFO: [ app_begin ] --START--
INFO: Run Behavior\ReadHtmlCacheBehavior [ RunTime:0.002000s ]
INFO: [ app_begin ] --END-- [ RunTime:0.003000s ]

[ 2017-02-27T16:02:34+08:00 ] 127.0.0.1 /guangtianjin/index.php/Home/Back/
INFO: [ app_init ] --START--
INFO: Run Behavior\BuildLiteBehavior [ RunTime:0.001000s ]
INFO: [ app_init ] --END-- [ RunTime:0.002000s ]
INFO: [ app_begin ] --START--
INFO: Run Behavior\ReadHtmlCacheBehavior [ RunTime:0.001000s ]
INFO: [ app_begin ] --END-- [ RunTime:0.002000s ]
SQL: SHOW COLUMNS FROM `g_cate` [ RunTime:0.0330s ]
SQL: SELECT `c_id` FROM `g_cate` WHERE `c_id` = '5' LIMIT 1   [ RunTime:0.1030s ]
NOTIC: [2] call_user_func() expects parameter 1 to be a valid callback, no array or string given D:\wamp\www\guangtianjin\ThinkPHP\Library\Think\Upload.class.php 第 170 行.
SQL: SELECT `c_icon` FROM `g_cate` WHERE `c_id` = '5' LIMIT 1   [ RunTime:0.0040s ]

[ 2017-02-27T16:04:25+08:00 ] 127.0.0.1 /guangtianjin/index.php/Home/Back/
INFO: [ app_init ] --START--
INFO: Run Behavior\BuildLiteBehavior [ RunTime:0.000000s ]
INFO: [ app_init ] --END-- [ RunTime:0.002000s ]
INFO: [ app_begin ] --START--
INFO: Run Behavior\ReadHtmlCacheBehavior [ RunTime:0.002000s ]
INFO: [ app_begin ] --END-- [ RunTime:0.004000s ]
SQL: SHOW COLUMNS FROM `g_cate` [ RunTime:0.0160s ]
SQL: SELECT `c_id` FROM `g_cate` WHERE `c_id` = '5' LIMIT 1   [ RunTime:0.0040s ]
NOTIC: [2] call_user_func() expects parameter 1 to be a valid callback, no array or string given D:\wamp\www\guangtianjin\ThinkPHP\Library\Think\Upload.class.php 第 170 行.
SQL: SELECT `c_icon` FROM `g_cate` WHERE `c_id` = '5' LIMIT 1   [ RunTime:0.0060s ]
NOTIC: [2] unlink() expects parameter 1 to be a valid path, array given D:\wamp\www\guangtianjin\Application\Home\Controller\BackController.class.php 第 210 行.
SQL: INSERT INTO `g_cate` (`c_icon`) VALUES ('/Public/uploads/cate/icon/58b3dd89a6bff.jpg') [ RunTime:0.0900s ]

[ 2017-02-27T16:05:33+08:00 ] 127.0.0.1 /guangtianjin/index.php/Home/Back/
INFO: [ app_init ] --START--
INFO: Run Behavior\BuildLiteBehavior [ RunTime:0.001000s ]
INFO: [ app_init ] --END-- [ RunTime:0.003000s ]
INFO: [ app_begin ] --START--
INFO: Run Behavior\ReadHtmlCacheBehavior [ RunTime:0.004000s ]
INFO: [ app_begin ] --END-- [ RunTime:0.006000s ]

[ 2017-02-27T16:06:22+08:00 ] 127.0.0.1 /guangtianjin/index.php/Home/Back/
INFO: [ app_init ] --START--
INFO: Run Behavior\BuildLiteBehavior [ RunTime:0.001000s ]
INFO: [ app_init ] --END-- [ RunTime:0.005000s ]
INFO: [ app_begin ] --START--
INFO: Run Behavior\ReadHtmlCacheBehavior [ RunTime:0.003000s ]
INFO: [ app_begin ] --END-- [ RunTime:0.004000s ]
SQL: SHOW COLUMNS FROM `g_cate` [ RunTime:0.0110s ]
SQL: SELECT `c_id` FROM `g_cate` WHERE `c_id` = '5' LIMIT 1   [ RunTime:0.0020s ]
NOTIC: [2] call_user_func() expects parameter 1 to be a valid callback, no array or string given D:\wamp\www\guangtianjin\ThinkPHP\Library\Think\Upload.class.php 第 170 行.
SQL: SELECT `c_icon` FROM `g_cate` WHERE `c_id` = '5' LIMIT 1   [ RunTime:0.0030s ]
NOTIC: [8] Array to string conversion D:\wamp\www\guangtianjin\Application\Home\Controller\BackController.class.php 第 210 行.
NOTIC: [2] unlink(./Array): No such file or directory D:\wamp\www\guangtianjin\Application\Home\Controller\BackController.class.php 第 210 行.
SQL: INSERT INTO `g_cate` (`c_icon`) VALUES ('/Public/uploads/cate/icon/58b3ddfe15671.png') [ RunTime:0.0030s ]

[ 2017-02-27T16:06:56+08:00 ] 127.0.0.1 /guangtianjin/index.php/Home/Back/
INFO: [ app_init ] --START--
INFO: Run Behavior\BuildLiteBehavior [ RunTime:0.001000s ]
INFO: [ app_init ] --END-- [ RunTime:0.002000s ]
INFO: [ app_begin ] --START--
INFO: Run Behavior\ReadHtmlCacheBehavior [ RunTime:0.002000s ]
INFO: [ app_begin ] --END-- [ RunTime:0.003000s ]
SQL: SHOW COLUMNS FROM `g_cate` [ RunTime:0.0120s ]
SQL: SELECT `c_id` FROM `g_cate` WHERE `c_id` = '5' LIMIT 1   [ RunTime:0.0070s ]
NOTIC: [2] call_user_func() expects parameter 1 to be a valid callback, no array or string given D:\wamp\www\guangtianjin\ThinkPHP\Library\Think\Upload.class.php 第 170 行.
SQL: SELECT `c_icon` FROM `g_cate` WHERE `c_id` = '5' LIMIT 1   [ RunTime:0.0020s ]
NOTIC: [8] Array to string conversion D:\wamp\www\guangtianjin\Application\Home\Controller\BackController.class.php 第 210 行.
NOTIC: [2] unlink(./Array): No such file or directory D:\wamp\www\guangtianjin\Application\Home\Controller\BackController.class.php 第 210 行.
SQL: INSERT INTO `g_cate` (`c_icon`) VALUES ('/Public/uploads/cate/icon/58b3de202c56f.png') [ RunTime:0.0110s ]

[ 2017-02-27T16:08:00+08:00 ] 127.0.0.1 /guangtianjin/index.php/Home/Back/
INFO: [ app_init ] --START--
INFO: Run Behavior\BuildLiteBehavior [ RunTime:0.000000s ]
INFO: [ app_init ] --END-- [ RunTime:0.001000s ]
INFO: [ app_begin ] --START--
INFO: Run Behavior\ReadHtmlCacheBehavior [ RunTime:0.003000s ]
INFO: [ app_begin ] --END-- [ RunTime:0.004000s ]
SQL: SHOW COLUMNS FROM `g_cate` [ RunTime:0.0500s ]
SQL: SELECT `c_id` FROM `g_cate` WHERE `c_id` = '5' LIMIT 1   [ RunTime:0.0040s ]
NOTIC: [2] call_user_func() expects parameter 1 to be a valid callback, no array or string given D:\wamp\www\guangtianjin\ThinkPHP\Library\Think\Upload.class.php 第 170 行.
SQL: SELECT `c_icon` FROM `g_cate` WHERE `c_id` = '5' LIMIT 1   [ RunTime:0.0040s ]
NOTIC: [8] Array to string conversion D:\wamp\www\guangtianjin\Application\Home\Controller\BackController.class.php 第 210 行.
NOTIC: [2] unlink(.Array): No such file or directory D:\wamp\www\guangtianjin\Application\Home\Controller\BackController.class.php 第 210 行.
SQL: INSERT INTO `g_cate` (`c_icon`) VALUES ('/Public/uploads/cate/icon/58b3de60888c1.png') [ RunTime:0.0010s ]

[ 2017-02-27T16:08:42+08:00 ] 127.0.0.1 /guangtianjin/index.php/Home/Back/
INFO: [ app_init ] --START--
INFO: Run Behavior\BuildLiteBehavior [ RunTime:0.001000s ]
INFO: [ app_init ] --END-- [ RunTime:0.004000s ]
INFO: [ app_begin ] --START--
INFO: Run Behavior\ReadHtmlCacheBehavior [ RunTime:0.001000s ]
INFO: [ app_begin ] --END-- [ RunTime:0.003000s ]
SQL: SHOW COLUMNS FROM `g_cate` [ RunTime:0.0140s ]
SQL: SELECT `c_id` FROM `g_cate` WHERE `c_id` = '5' LIMIT 1   [ RunTime:0.0050s ]
NOTIC: [2] call_user_func() expects parameter 1 to be a valid callback, no array or string given D:\wamp\www\guangtianjin\ThinkPHP\Library\Think\Upload.class.php 第 170 行.
SQL: SELECT `c_icon` FROM `g_cate` WHERE `c_id` = '5' LIMIT 1   [ RunTime:0.0050s ]
NOTIC: [8] Array to string conversion D:\wamp\www\guangtianjin\Application\Home\Controller\BackController.class.php 第 210 行.
NOTIC: [2] unlink(.Array): No such file or directory D:\wamp\www\guangtianjin\Application\Home\Controller\BackController.class.php 第 210 行.
NOTIC: [8] Array to string conversion D:\wamp\www\guangtianjin\Application\Home\Controller\BackController.class.php 第 212 行.

[ 2017-02-27T16:09:36+08:00 ] 127.0.0.1 /guangtianjin/index.php/Home/Back/
INFO: [ app_init ] --START--
INFO: Run Behavior\BuildLiteBehavior [ RunTime:0.000000s ]
INFO: [ app_init ] --END-- [ RunTime:0.002000s ]
INFO: [ app_begin ] --START--
INFO: Run Behavior\ReadHtmlCacheBehavior [ RunTime:0.002000s ]
INFO: [ app_begin ] --END-- [ RunTime:0.002000s ]
SQL: SHOW COLUMNS FROM `g_cate` [ RunTime:0.0100s ]
SQL: SELECT `c_id` FROM `g_cate` WHERE `c_id` = '5' LIMIT 1   [ RunTime:0.0030s ]
NOTIC: [2] call_user_func() expects parameter 1 to be a valid callback, no array or string given D:\wamp\www\guangtianjin\ThinkPHP\Library\Think\Upload.class.php 第 170 行.
SQL: SELECT `c_icon` FROM `g_cate` WHERE `c_id` = '5' LIMIT 1   [ RunTime:0.0020s ]
NOTIC: [8] Array to string conversion D:\wamp\www\guangtianjin\Application\Home\Controller\BackController.class.php 第 210 行.
NOTIC: [2] unlink(.Array): No such file or directory D:\wamp\www\guangtianjin\Application\Home\Controller\BackController.class.php 第 210 行.

[ 2017-02-27T16:10:30+08:00 ] 127.0.0.1 /guangtianjin/index.php/Home/Back/
INFO: [ app_init ] --START--
INFO: Run Behavior\BuildLiteBehavior [ RunTime:0.000000s ]
INFO: [ app_init ] --END-- [ RunTime:0.001000s ]
INFO: [ app_begin ] --START--
INFO: Run Behavior\ReadHtmlCacheBehavior [ RunTime:0.002001s ]
INFO: [ app_begin ] --END-- [ RunTime:0.002001s ]
SQL: SHOW COLUMNS FROM `g_cate` [ RunTime:0.0190s ]
SQL: SELECT `c_id` FROM `g_cate` WHERE `c_id` = '5' LIMIT 1   [ RunTime:0.0030s ]
NOTIC: [2] call_user_func() expects parameter 1 to be a valid callback, no array or string given D:\wamp\www\guangtianjin\ThinkPHP\Library\Think\Upload.class.php 第 170 行.
SQL: SELECT `c_icon` FROM `g_cate` WHERE `c_id` = '5' LIMIT 1   [ RunTime:0.0050s ]
NOTIC: [8] Array to string conversion D:\wamp\www\guangtianjin\Application\Home\Controller\BackController.class.php 第 210 行.
NOTIC: [2] unlink(.Array): No such file or directory D:\wamp\www\guangtianjin\Application\Home\Controller\BackController.class.php 第 210 行.

[ 2017-02-27T16:11:01+08:00 ] 127.0.0.1 /guangtianjin/index.php/Home/Back/
INFO: [ app_init ] --START--
INFO: Run Behavior\BuildLiteBehavior [ RunTime:0.000000s ]
INFO: [ app_init ] --END-- [ RunTime:0.001000s ]
INFO: [ app_begin ] --START--
INFO: Run Behavior\ReadHtmlCacheBehavior [ RunTime:0.003000s ]
INFO: [ app_begin ] --END-- [ RunTime:0.003000s ]
SQL: SHOW COLUMNS FROM `g_cate` [ RunTime:0.0120s ]
SQL: SELECT `c_id` FROM `g_cate` WHERE `c_id` = '5' LIMIT 1   [ RunTime:0.0040s ]
NOTIC: [2] call_user_func() expects parameter 1 to be a valid callback, no array or string given D:\wamp\www\guangtianjin\ThinkPHP\Library\Think\Upload.class.php 第 170 行.
SQL: SELECT `c_icon` FROM `g_cate` WHERE `c_id` = '5' LIMIT 1   [ RunTime:0.0040s ]
NOTIC: [2] unlink(/Public/uploads/cate/icon/58b3d8ff06b73.png): No such file or directory D:\wamp\www\guangtianjin\Application\Home\Controller\BackController.class.php 第 210 行.

[ 2017-02-27T16:11:48+08:00 ] 127.0.0.1 /guangtianjin/index.php/Home/Back/
INFO: [ app_init ] --START--
INFO: Run Behavior\BuildLiteBehavior [ RunTime:0.000000s ]
INFO: [ app_init ] --END-- [ RunTime:0.001000s ]
INFO: [ app_begin ] --START--
INFO: Run Behavior\ReadHtmlCacheBehavior [ RunTime:0.002000s ]
INFO: [ app_begin ] --END-- [ RunTime:0.003000s ]
SQL: SHOW COLUMNS FROM `g_cate` [ RunTime:0.0170s ]
SQL: SELECT `c_id` FROM `g_cate` WHERE `c_id` = '5' LIMIT 1   [ RunTime:0.0030s ]
NOTIC: [2] call_user_func() expects parameter 1 to be a valid callback, no array or string given D:\wamp\www\guangtianjin\ThinkPHP\Library\Think\Upload.class.php 第 170 行.
SQL: SELECT `c_icon` FROM `g_cate` WHERE `c_id` = '5' LIMIT 1   [ RunTime:0.0030s ]
NOTIC: [2] unlink(./Public/uploads/cate/icon/58b3d8ff06b73.png): No such file or directory D:\wamp\www\guangtianjin\Application\Home\Controller\BackController.class.php 第 210 行.

[ 2017-02-27T16:12:40+08:00 ] 127.0.0.1 /guangtianjin/index.php/Home/Back/
INFO: [ app_init ] --START--
INFO: Run Behavior\BuildLiteBehavior [ RunTime:0.000000s ]
INFO: [ app_init ] --END-- [ RunTime:0.002000s ]
INFO: [ app_begin ] --START--
INFO: Run Behavior\ReadHtmlCacheBehavior [ RunTime:0.001000s ]
INFO: [ app_begin ] --END-- [ RunTime:0.002000s ]
SQL: SHOW COLUMNS FROM `g_cate` [ RunTime:0.0120s ]
SQL: SELECT `c_id` FROM `g_cate` WHERE `c_id` = '5' LIMIT 1   [ RunTime:0.0030s ]
NOTIC: [2] call_user_func() expects parameter 1 to be a valid callback, no array or string given D:\wamp\www\guangtianjin\ThinkPHP\Library\Think\Upload.class.php 第 170 行.
SQL: SELECT `c_icon` FROM `g_cate` WHERE `c_id` = '5' LIMIT 1   [ RunTime:0.0010s ]
NOTIC: [2] unlink(/Public/uploads/cate/icon/58b3d8ff06b73.png): No such file or directory D:\wamp\www\guangtianjin\Application\Home\Controller\BackController.class.php 第 210 行.

[ 2017-02-27T16:13:05+08:00 ] 127.0.0.1 /guangtianjin/index.php/Home/Back/
INFO: [ app_init ] --START--
INFO: Run Behavior\BuildLiteBehavior [ RunTime:0.000000s ]
INFO: [ app_init ] --END-- [ RunTime:0.001000s ]
INFO: [ app_begin ] --START--
INFO: Run Behavior\ReadHtmlCacheBehavior [ RunTime:0.001000s ]
INFO: [ app_begin ] --END-- [ RunTime:0.002000s ]
SQL: SHOW COLUMNS FROM `g_cate` [ RunTime:0.0110s ]
SQL: SELECT `c_id` FROM `g_cate` WHERE `c_id` = '5' LIMIT 1   [ RunTime:0.0100s ]
NOTIC: [2] call_user_func() expects parameter 1 to be a valid callback, no array or string given D:\wamp\www\guangtianjin\ThinkPHP\Library\Think\Upload.class.php 第 170 行.
SQL: SELECT `c_icon` FROM `g_cate` WHERE `c_id` = '5' LIMIT 1   [ RunTime:0.0040s ]
NOTIC: [2] unlink(/Public/uploads/cate/icon/58b3d8ff06b73.png): No such file or directory D:\wamp\www\guangtianjin\Application\Home\Controller\BackController.class.php 第 211 行.

[ 2017-02-27T16:16:13+08:00 ] 127.0.0.1 /guangtianjin/index.php/Home/Back/
INFO: [ app_init ] --START--
INFO: Run Behavior\BuildLiteBehavior [ RunTime:0.001000s ]
INFO: [ app_init ] --END-- [ RunTime:0.002000s ]
INFO: [ app_begin ] --START--
INFO: Run Behavior\ReadHtmlCacheBehavior [ RunTime:0.005000s ]
INFO: [ app_begin ] --END-- [ RunTime:0.005000s ]
SQL: SHOW COLUMNS FROM `g_admin` [ RunTime:0.0170s ]
SQL: SELECT * FROM `g_admin` WHERE `username` = 'admin' AND `password` = 'd41d8cd98f00b204e9800998ecf8427e' LIMIT 1   [ RunTime:0.0420s ]

[ 2017-02-27T16:16:27+08:00 ] 127.0.0.1 /guangtianjin/index.php/Home/Back/
INFO: [ app_init ] --START--
INFO: Run Behavior\BuildLiteBehavior [ RunTime:0.000000s ]
INFO: [ app_init ] --END-- [ RunTime:0.001000s ]
INFO: [ app_begin ] --START--
INFO: Run Behavior\ReadHtmlCacheBehavior [ RunTime:0.001000s ]
INFO: [ app_begin ] --END-- [ RunTime:0.002001s ]
SQL: SHOW COLUMNS FROM `g_admin` [ RunTime:0.0320s ]
SQL: SELECT * FROM `g_admin` WHERE `username` = 'admin' AND `password` = 'e10adc3949ba59abbe56e057f20f883e' LIMIT 1   [ RunTime:0.0030s ]

[ 2017-02-27T16:16:53+08:00 ] 127.0.0.1 /guangtianjin/index.php/Home/Back/
INFO: [ app_init ] --START--
INFO: Run Behavior\BuildLiteBehavior [ RunTime:0.000000s ]
INFO: [ app_init ] --END-- [ RunTime:0.001000s ]
INFO: [ app_begin ] --START--
INFO: Run Behavior\ReadHtmlCacheBehavior [ RunTime:0.002000s ]
INFO: [ app_begin ] --END-- [ RunTime:0.004000s ]
SQL: SHOW COLUMNS FROM `g_admin` [ RunTime:0.0140s ]
SQL: SELECT * FROM `g_admin` WHERE `username` = 'admin' AND `password` = 'e10adc3949ba59abbe56e057f20f883e' LIMIT 1   [ RunTime:0.0040s ]

[ 2017-02-27T16:18:08+08:00 ] 127.0.0.1 /guangtianjin/index.php/Home/Back/
INFO: [ app_init ] --START--
INFO: Run Behavior\BuildLiteBehavior [ RunTime:0.000000s ]
INFO: [ app_init ] --END-- [ RunTime:0.001000s ]
INFO: [ app_begin ] --START--
INFO: Run Behavior\ReadHtmlCacheBehavior [ RunTime:0.004000s ]
INFO: [ app_begin ] --END-- [ RunTime:0.005000s ]

[ 2017-02-27T16:18:14+08:00 ] 127.0.0.1 /guangtianjin/index.php/Home/Back/
INFO: [ app_init ] --START--
INFO: Run Behavior\BuildLiteBehavior [ RunTime:0.000000s ]
INFO: [ app_init ] --END-- [ RunTime:0.001000s ]
INFO: [ app_begin ] --START--
INFO: Run Behavior\ReadHtmlCacheBehavior [ RunTime:0.001000s ]
INFO: [ app_begin ] --END-- [ RunTime:0.002000s ]
SQL: SHOW COLUMNS FROM `g_cate` [ RunTime:0.0130s ]
SQL: SELECT `c_id` FROM `g_cate` WHERE `c_id` = '5' LIMIT 1   [ RunTime:0.0010s ]
NOTIC: [2] call_user_func() expects parameter 1 to be a valid callback, no array or string given D:\wamp\www\guangtianjin\ThinkPHP\Library\Think\Upload.class.php 第 170 行.
SQL: SELECT `c_icon` FROM `g_cate` WHERE `c_id` = '5' LIMIT 1   [ RunTime:0.0020s ]
NOTIC: [2] unlink(/Public/uploads/cate/icon/58b3d8ff06b73.png): No such file or directory D:\wamp\www\guangtianjin\Application\Home\Controller\BackController.class.php 第 211 行.

[ 2017-02-27T16:19:31+08:00 ] 127.0.0.1 /guangtianjin/index.php/Home/Back/
INFO: [ app_init ] --START--
INFO: Run Behavior\BuildLiteBehavior [ RunTime:0.000000s ]
INFO: [ app_init ] --END-- [ RunTime:0.004000s ]
INFO: [ app_begin ] --START--
INFO: Run Behavior\ReadHtmlCacheBehavior [ RunTime:0.002000s ]
INFO: [ app_begin ] --END-- [ RunTime:0.003000s ]
SQL: SHOW COLUMNS FROM `g_cate` [ RunTime:0.0190s ]
SQL: SELECT `c_id` FROM `g_cate` WHERE `c_id` = '5' LIMIT 1   [ RunTime:0.0030s ]
NOTIC: [2] call_user_func() expects parameter 1 to be a valid callback, no array or string given D:\wamp\www\guangtianjin\ThinkPHP\Library\Think\Upload.class.php 第 170 行.
SQL: SELECT `c_icon` FROM `g_cate` WHERE `c_id` = '5' LIMIT 1   [ RunTime:0.0060s ]
NOTIC: [2] unlink(/guangtianjin//Public/uploads/cate/icon/58b3d8ff06b73.png): No such file or directory D:\wamp\www\guangtianjin\Application\Home\Controller\BackController.class.php 第 211 行.

[ 2017-02-27T16:21:35+08:00 ] 127.0.0.1 /guangtianjin/index.php/Home/Index
INFO: [ app_init ] --START--
INFO: Run Behavior\BuildLiteBehavior [ RunTime:0.000000s ]
INFO: [ app_init ] --END-- [ RunTime:0.003000s ]
INFO: [ app_begin ] --START--
INFO: Run Behavior\ReadHtmlCacheBehavior [ RunTime:0.002000s ]
INFO: [ app_begin ] --END-- [ RunTime:0.002000s ]
INFO: [ view_parse ] --START--
INFO: Run Behavior\ParseTemplateBehavior [ RunTime:0.004000s ]
INFO: [ view_parse ] --END-- [ RunTime:0.006000s ]
INFO: [ view_filter ] --START--
INFO: Run Behavior\WriteHtmlCacheBehavior [ RunTime:0.025001s ]
INFO: [ view_filter ] --END-- [ RunTime:0.025001s ]
INFO: [ app_end ] --START--
INFO: Run Behavior\ShowPageTraceBehavior [ RunTime:0.002000s ]
INFO: [ app_end ] --END-- [ RunTime:0.002000s ]

[ 2017-02-27T16:21:55+08:00 ] 127.0.0.1 /guangtianjin/index.php/Home/Back/temp
INFO: [ app_init ] --START--
INFO: Run Behavior\BuildLiteBehavior [ RunTime:0.000000s ]
INFO: [ app_init ] --END-- [ RunTime:0.001000s ]
INFO: [ app_begin ] --START--
INFO: Run Behavior\ReadHtmlCacheBehavior [ RunTime:0.004000s ]
INFO: [ app_begin ] --END-- [ RunTime:0.004000s ]

[ 2017-02-27T16:22:33+08:00 ] 127.0.0.1 /guangtianjin/index.php/Home/Back/
INFO: [ app_init ] --START--
INFO: Run Behavior\BuildLiteBehavior [ RunTime:0.000000s ]
INFO: [ app_init ] --END-- [ RunTime:0.001000s ]
INFO: [ app_begin ] --START--
INFO: Run Behavior\ReadHtmlCacheBehavior [ RunTime:0.005000s ]
INFO: [ app_begin ] --END-- [ RunTime:0.005000s ]
INFO: [ app_end ] --START--
INFO: Run Behavior\ShowPageTraceBehavior [ RunTime:0.003000s ]
INFO: [ app_end ] --END-- [ RunTime:0.004000s ]

[ 2017-02-27T16:23:37+08:00 ] 127.0.0.1 /guangtianjin/index.php/Home/Back/
INFO: [ app_init ] --START--
INFO: Run Behavior\BuildLiteBehavior [ RunTime:0.000000s ]
INFO: [ app_init ] --END-- [ RunTime:0.001000s ]
INFO: [ app_begin ] --START--
INFO: Run Behavior\ReadHtmlCacheBehavior [ RunTime:0.003000s ]
INFO: [ app_begin ] --END-- [ RunTime:0.004000s ]
SQL: SHOW COLUMNS FROM `g_cate` [ RunTime:0.0160s ]
SQL: SELECT `c_id` FROM `g_cate` WHERE `c_id` = '5' LIMIT 1   [ RunTime:0.0020s ]
NOTIC: [2] call_user_func() expects parameter 1 to be a valid callback, no array or string given D:\wamp\www\guangtianjin\ThinkPHP\Library\Think\Upload.class.php 第 170 行.
SQL: SELECT `c_icon` FROM `g_cate` WHERE `c_id` = '5' LIMIT 1   [ RunTime:0.0020s ]
NOTIC: [2] unlink(127.0.0.1/guangtianjin//Public/uploads/cate/icon/58b3d8ff06b73.png): No such file or directory D:\wamp\www\guangtianjin\Application\Home\Controller\BackController.class.php 第 217 行.

[ 2017-02-27T16:26:26+08:00 ] 127.0.0.1 /guangtianjin/index.php/Home/Back/
INFO: [ app_init ] --START--
INFO: Run Behavior\BuildLiteBehavior [ RunTime:0.000000s ]
INFO: [ app_init ] --END-- [ RunTime:0.001000s ]
INFO: [ app_begin ] --START--
INFO: Run Behavior\ReadHtmlCacheBehavior [ RunTime:0.002000s ]
INFO: [ app_begin ] --END-- [ RunTime:0.002000s ]
SQL: SHOW COLUMNS FROM `g_cate` [ RunTime:0.0140s ]
SQL: SELECT `c_id` FROM `g_cate` WHERE `c_id` = '5' LIMIT 1   [ RunTime:0.0040s ]
NOTIC: [2] call_user_func() expects parameter 1 to be a valid callback, no array or string given D:\wamp\www\guangtianjin\ThinkPHP\Library\Think\Upload.class.php 第 170 行.
SQL: SELECT `c_icon` FROM `g_cate` WHERE `c_id` = '5' LIMIT 1   [ RunTime:0.0020s ]
NOTIC: [2] unlink(127.0.0.1/guangtianjin//Public/uploads/cate/icon/58b3de60888c1.png): No such file or directory D:\wamp\www\guangtianjin\Application\Home\Controller\BackController.class.php 第 217 行.

[ 2017-02-27T16:27:05+08:00 ] 127.0.0.1 /guangtianjin/index.php/Home/Back/
INFO: [ app_init ] --START--
INFO: Run Behavior\BuildLiteBehavior [ RunTime:0.001000s ]
INFO: [ app_init ] --END-- [ RunTime:0.003000s ]
INFO: [ app_begin ] --START--
INFO: Run Behavior\ReadHtmlCacheBehavior [ RunTime:0.002000s ]
INFO: [ app_begin ] --END-- [ RunTime:0.002000s ]
SQL: SHOW COLUMNS FROM `g_cate` [ RunTime:0.0250s ]
SQL: SELECT `c_id` FROM `g_cate` WHERE `c_id` = '5' LIMIT 1   [ RunTime:0.0030s ]
NOTIC: [2] call_user_func() expects parameter 1 to be a valid callback, no array or string given D:\wamp\www\guangtianjin\ThinkPHP\Library\Think\Upload.class.php 第 170 行.
SQL: SELECT `c_icon` FROM `g_cate` WHERE `c_id` = '5' LIMIT 1   [ RunTime:0.0030s ]
NOTIC: [2] unlink(127.0.0.1/guangtianjin/Public/uploads/cate/icon/58b3de60888c1.png): No such file or directory D:\wamp\www\guangtianjin\Application\Home\Controller\BackController.class.php 第 217 行.

[ 2017-02-27T16:27:36+08:00 ] 127.0.0.1 /guangtianjin/index.php/Home/Back/
INFO: [ app_init ] --START--
INFO: Run Behavior\BuildLiteBehavior [ RunTime:0.000000s ]
INFO: [ app_init ] --END-- [ RunTime:0.003000s ]
INFO: [ app_begin ] --START--
INFO: Run Behavior\ReadHtmlCacheBehavior [ RunTime:0.002000s ]
INFO: [ app_begin ] --END-- [ RunTime:0.002000s ]
SQL: SHOW COLUMNS FROM `g_cate` [ RunTime:0.0140s ]
SQL: SELECT `c_id` FROM `g_cate` WHERE `c_id` = '5' LIMIT 1   [ RunTime:0.0020s ]
NOTIC: [2] call_user_func() expects parameter 1 to be a valid callback, no array or string given D:\wamp\www\guangtianjin\ThinkPHP\Library\Think\Upload.class.php 第 170 行.
SQL: SELECT `c_icon` FROM `g_cate` WHERE `c_id` = '5' LIMIT 1   [ RunTime:0.0030s ]
NOTIC: [2] unlink(127.0.0.1/guangtianjin/Public/uploads/cate/icon/58b3de60888c1.png): No such file or directory D:\wamp\www\guangtianjin\Application\Home\Controller\BackController.class.php 第 217 行.

[ 2017-02-27T16:27:48+08:00 ] 127.0.0.1 /guangtianjin/index.php/Home/Back/
INFO: [ app_init ] --START--
INFO: Run Behavior\BuildLiteBehavior [ RunTime:0.000000s ]
INFO: [ app_init ] --END-- [ RunTime:0.002000s ]
INFO: [ app_begin ] --START--
INFO: Run Behavior\ReadHtmlCacheBehavior [ RunTime:0.001000s ]
INFO: [ app_begin ] --END-- [ RunTime:0.003001s ]
SQL: SHOW COLUMNS FROM `g_cate` [ RunTime:0.0110s ]
SQL: SELECT `c_id` FROM `g_cate` WHERE `c_id` = '5' LIMIT 1   [ RunTime:0.0010s ]
NOTIC: [2] call_user_func() expects parameter 1 to be a valid callback, no array or string given D:\wamp\www\guangtianjin\ThinkPHP\Library\Think\Upload.class.php 第 170 行.
SQL: SELECT `c_icon` FROM `g_cate` WHERE `c_id` = '5' LIMIT 1   [ RunTime:0.0020s ]
NOTIC: [2] unlink(127.0.0.1/guangtianjin/Public/uploads/cate/icon/58b3de60888c1.png): No such file or directory D:\wamp\www\guangtianjin\Application\Home\Controller\BackController.class.php 第 217 行.

[ 2017-02-27T16:30:21+08:00 ] 127.0.0.1 /guangtianjin/index.php/Home/Back/
INFO: [ app_init ] --START--
INFO: Run Behavior\BuildLiteBehavior [ RunTime:0.000000s ]
INFO: [ app_init ] --END-- [ RunTime:0.001000s ]
INFO: [ app_begin ] --START--
INFO: Run Behavior\ReadHtmlCacheBehavior [ RunTime:0.004000s ]
INFO: [ app_begin ] --END-- [ RunTime:0.004000s ]
SQL: SHOW COLUMNS FROM `g_cate` [ RunTime:0.0170s ]
SQL: SELECT `c_id` FROM `g_cate` WHERE `c_id` = '5' LIMIT 1   [ RunTime:0.0020s ]
NOTIC: [2] call_user_func() expects parameter 1 to be a valid callback, no array or string given D:\wamp\www\guangtianjin\ThinkPHP\Library\Think\Upload.class.php 第 170 行.
SQL: SELECT `c_icon` FROM `g_cate` WHERE `c_id` = '5' LIMIT 1   [ RunTime:0.0010s ]
NOTIC: [2] unlink(127.0.0.1:$_SERVER['SERVER_PORT']/guangtianjin/Public/uploads/cate/icon/58b3de60888c1.png): Invalid argument D:\wamp\www\guangtianjin\Application\Home\Controller\BackController.class.php 第 217 行.

[ 2017-02-27T16:30:47+08:00 ] 127.0.0.1 /guangtianjin/index.php/Home/Back/
INFO: [ app_init ] --START--
INFO: Run Behavior\BuildLiteBehavior [ RunTime:0.000000s ]
INFO: [ app_init ] --END-- [ RunTime:0.002000s ]
INFO: [ app_begin ] --START--
INFO: Run Behavior\ReadHtmlCacheBehavior [ RunTime:0.001000s ]
INFO: [ app_begin ] --END-- [ RunTime:0.002000s ]
INFO: [ app_end ] --START--
INFO: Run Behavior\ShowPageTraceBehavior [ RunTime:0.003001s ]
INFO: [ app_end ] --END-- [ RunTime:0.004001s ]

[ 2017-02-27T16:31:52+08:00 ] 127.0.0.1 /guangtianjin/index.php/Home/Back/
INFO: [ app_init ] --START--
INFO: Run Behavior\BuildLiteBehavior [ RunTime:0.000000s ]
INFO: [ app_init ] --END-- [ RunTime:0.003000s ]
INFO: [ app_begin ] --START--
INFO: Run Behavior\ReadHtmlCacheBehavior [ RunTime:0.001000s ]
INFO: [ app_begin ] --END-- [ RunTime:0.002000s ]
INFO: [ app_end ] --START--
INFO: Run Behavior\ShowPageTraceBehavior [ RunTime:0.008001s ]
INFO: [ app_end ] --END-- [ RunTime:0.008001s ]

[ 2017-02-27T16:32:06+08:00 ] 127.0.0.1 /guangtianjin/index.php/Home/Back/
INFO: [ app_init ] --START--
INFO: Run Behavior\BuildLiteBehavior [ RunTime:0.000000s ]
INFO: [ app_init ] --END-- [ RunTime:0.002000s ]
INFO: [ app_begin ] --START--
INFO: Run Behavior\ReadHtmlCacheBehavior [ RunTime:0.002000s ]
INFO: [ app_begin ] --END-- [ RunTime:0.002000s ]
SQL: SHOW COLUMNS FROM `g_cate` [ RunTime:0.0180s ]
SQL: SELECT `c_id` FROM `g_cate` WHERE `c_id` = '5' LIMIT 1   [ RunTime:0.0030s ]
NOTIC: [2] call_user_func() expects parameter 1 to be a valid callback, no array or string given D:\wamp\www\guangtianjin\ThinkPHP\Library\Think\Upload.class.php 第 170 行.
SQL: SELECT `c_icon` FROM `g_cate` WHERE `c_id` = '5' LIMIT 1   [ RunTime:0.0030s ]
NOTIC: [2] unlink(127.0.0.1:$_SERVER['SERVER_PORT']/guangtianjin/Public/uploads/cate/icon/58b3de60888c1.png): Invalid argument D:\wamp\www\guangtianjin\Application\Home\Controller\BackController.class.php 第 217 行.

[ 2017-02-27T16:33:58+08:00 ] 127.0.0.1 /guangtianjin/index.php/Home/Back/
INFO: [ app_init ] --START--
INFO: Run Behavior\BuildLiteBehavior [ RunTime:0.000000s ]
INFO: [ app_init ] --END-- [ RunTime:0.001000s ]
INFO: [ app_begin ] --START--
INFO: Run Behavior\ReadHtmlCacheBehavior [ RunTime:0.002000s ]
INFO: [ app_begin ] --END-- [ RunTime:0.003000s ]
SQL: SHOW COLUMNS FROM `g_cate` [ RunTime:0.0180s ]
SQL: SELECT `c_id` FROM `g_cate` WHERE `c_id` = '5' LIMIT 1   [ RunTime:0.0030s ]
NOTIC: [2] call_user_func() expects parameter 1 to be a valid callback, no array or string given D:\wamp\www\guangtianjin\ThinkPHP\Library\Think\Upload.class.php 第 170 行.
SQL: SELECT `c_icon` FROM `g_cate` WHERE `c_id` = '5' LIMIT 1   [ RunTime:0.0030s ]
NOTIC: [2] unlink(127.0.0.1:8080/guangtianjin/Public/uploads/cate/icon/58b3de60888c1.png): Invalid argument D:\wamp\www\guangtianjin\Application\Home\Controller\BackController.class.php 第 217 行.

[ 2017-02-27T16:47:29+08:00 ] 127.0.0.1 /guangtianjin/index.php/Home/Back/
INFO: [ app_init ] --START--
INFO: Run Behavior\BuildLiteBehavior [ RunTime:0.000000s ]
INFO: [ app_init ] --END-- [ RunTime:0.002000s ]
INFO: [ app_begin ] --START--
INFO: Run Behavior\ReadHtmlCacheBehavior [ RunTime:0.002000s ]
INFO: [ app_begin ] --END-- [ RunTime:0.002000s ]
SQL: SHOW COLUMNS FROM `g_admin` [ RunTime:0.0240s ]
SQL: SELECT * FROM `g_admin` WHERE `username` = 'admin' AND `password` = 'e10adc3949ba59abbe56e057f20f883e' LIMIT 1   [ RunTime:0.0010s ]

[ 2017-02-27T16:51:44+08:00 ] 127.0.0.1 /guangtianjin/index.php/Home/Back/
INFO: [ app_init ] --START--
INFO: Run Behavior\BuildLiteBehavior [ RunTime:0.000000s ]
INFO: [ app_init ] --END-- [ RunTime:0.002000s ]
INFO: [ app_begin ] --START--
INFO: Run Behavior\ReadHtmlCacheBehavior [ RunTime:0.004001s ]
INFO: [ app_begin ] --END-- [ RunTime:0.004001s ]
SQL: SHOW COLUMNS FROM `g_cate` [ RunTime:0.0140s ]
SQL: SELECT `c_id` FROM `g_cate` WHERE `c_id` = '5' LIMIT 1   [ RunTime:0.0030s ]
NOTIC: [2] call_user_func() expects parameter 1 to be a valid callback, no array or string given D:\wamp\www\guangtianjin\ThinkPHP\Library\Think\Upload.class.php 第 170 行.
SQL: SELECT `c_icon` FROM `g_cate` WHERE `c_id` = '5' LIMIT 1   [ RunTime:0.0040s ]
NOTIC: [2] unlink(127.0.0.1:8080/guangtianjin/Public/uploads/cate/icon/58b3de60888c1.png): Invalid argument D:\wamp\www\guangtianjin\Application\Home\Controller\BackController.class.php 第 217 行.

[ 2017-02-27T17:01:45+08:00 ] 127.0.0.1 /guangtianjin/index.php/Home/Back/
INFO: [ app_init ] --START--
INFO: Run Behavior\BuildLiteBehavior [ RunTime:0.001000s ]
INFO: [ app_init ] --END-- [ RunTime:0.002000s ]
INFO: [ app_begin ] --START--
INFO: Run Behavior\ReadHtmlCacheBehavior [ RunTime:0.003001s ]
INFO: [ app_begin ] --END-- [ RunTime:0.003001s ]
SQL: SHOW COLUMNS FROM `g_cate` [ RunTime:0.0210s ]
SQL: SELECT `c_id` FROM `g_cate` WHERE `c_id` = '5' LIMIT 1   [ RunTime:0.0010s ]
NOTIC: [2] call_user_func() expects parameter 1 to be a valid callback, no array or string given D:\wamp\www\guangtianjin\ThinkPHP\Library\Think\Upload.class.php 第 170 行.
SQL: SELECT `c_icon` FROM `g_cate` WHERE `c_id` = '5' LIMIT 1   [ RunTime:0.0010s ]
NOTIC: [2] unlink(127.0.0.1:8080/guangtianjin/Public/uploads/cate/icon/58b3de60888c1.png): Invalid argument D:\wamp\www\guangtianjin\Application\Home\Controller\BackController.class.php 第 217 行.

[ 2017-02-27T17:06:48+08:00 ] 127.0.0.1 /guangtianjin/index.php/Home/Back/
INFO: [ app_init ] --START--
INFO: Run Behavior\BuildLiteBehavior [ RunTime:0.000000s ]
INFO: [ app_init ] --END-- [ RunTime:0.001000s ]
INFO: [ app_begin ] --START--
INFO: Run Behavior\ReadHtmlCacheBehavior [ RunTime:0.002000s ]
INFO: [ app_begin ] --END-- [ RunTime:0.003000s ]
SQL: SHOW COLUMNS FROM `g_cate` [ RunTime:0.0230s ]
SQL: SELECT `c_id` FROM `g_cate` WHERE `c_id` = '5' LIMIT 1   [ RunTime:0.0010s ]
NOTIC: [2] call_user_func() expects parameter 1 to be a valid callback, no array or string given D:\wamp\www\guangtianjin\ThinkPHP\Library\Think\Upload.class.php 第 170 行.
SQL: SELECT `c_icon` FROM `g_cate` WHERE `c_id` = '5' LIMIT 1   [ RunTime:0.0040s ]
NOTIC: [2] str_replace() expects at least 3 parameters, 2 given D:\wamp\www\guangtianjin\Application\Home\Controller\BackController.class.php 第 216 行.
NOTIC: [2] unlink(127.0.0.1:8080/guangtianjin): Invalid argument D:\wamp\www\guangtianjin\Application\Home\Controller\BackController.class.php 第 217 行.

[ 2017-02-27T17:07:27+08:00 ] 127.0.0.1 /guangtianjin/index.php/Home/Back/
INFO: [ app_init ] --START--
INFO: Run Behavior\BuildLiteBehavior [ RunTime:0.000000s ]
INFO: [ app_init ] --END-- [ RunTime:0.001000s ]
INFO: [ app_begin ] --START--
INFO: Run Behavior\ReadHtmlCacheBehavior [ RunTime:0.002000s ]
INFO: [ app_begin ] --END-- [ RunTime:0.002000s ]
SQL: SHOW COLUMNS FROM `g_admin` [ RunTime:0.0140s ]
SQL: SELECT * FROM `g_admin` WHERE `username` = 'admin' AND `password` = 'e10adc3949ba59abbe56e057f20f883e' LIMIT 1   [ RunTime:0.0010s ]

[ 2017-02-27T17:08:30+08:00 ] 127.0.0.1 /guangtianjin/index.php/Home/Back/
INFO: [ app_init ] --START--
INFO: Run Behavior\BuildLiteBehavior [ RunTime:0.000000s ]
INFO: [ app_init ] --END-- [ RunTime:0.001000s ]
INFO: [ app_begin ] --START--
INFO: Run Behavior\ReadHtmlCacheBehavior [ RunTime:0.001000s ]
INFO: [ app_begin ] --END-- [ RunTime:0.002000s ]
SQL: SHOW COLUMNS FROM `g_cate` [ RunTime:0.0250s ]
SQL: SELECT `c_id` FROM `g_cate` WHERE `c_id` = '5' LIMIT 1   [ RunTime:0.0020s ]
NOTIC: [2] call_user_func() expects parameter 1 to be a valid callback, no array or string given D:\wamp\www\guangtianjin\ThinkPHP\Library\Think\Upload.class.php 第 170 行.
SQL: SELECT `c_icon` FROM `g_cate` WHERE `c_id` = '5' LIMIT 1   [ RunTime:0.0030s ]
NOTIC: [2] str_replace() expects at least 3 parameters, 2 given D:\wamp\www\guangtianjin\Application\Home\Controller\BackController.class.php 第 216 行.
NOTIC: [2] unlink(127.0.0.1:8080/guangtianjin): Invalid argument D:\wamp\www\guangtianjin\Application\Home\Controller\BackController.class.php 第 217 行.

[ 2017-02-27T17:10:27+08:00 ] 127.0.0.1 /guangtianjin/index.php/Home/Back/
INFO: [ app_init ] --START--
INFO: Run Behavior\BuildLiteBehavior [ RunTime:0.000000s ]
INFO: [ app_init ] --END-- [ RunTime:0.001000s ]
INFO: [ app_begin ] --START--
INFO: Run Behavior\ReadHtmlCacheBehavior [ RunTime:0.002000s ]
INFO: [ app_begin ] --END-- [ RunTime:0.002000s ]
SQL: SHOW COLUMNS FROM `g_cate` [ RunTime:0.0060s ]
SQL: SELECT `c_id` FROM `g_cate` WHERE `c_id` = '5' LIMIT 1   [ RunTime:0.0010s ]
NOTIC: [2] call_user_func() expects parameter 1 to be a valid callback, no array or string given D:\wamp\www\guangtianjin\ThinkPHP\Library\Think\Upload.class.php 第 170 行.
SQL: SELECT `c_icon` FROM `g_cate` WHERE `c_id` = '5' LIMIT 1   [ RunTime:0.0010s ]

[ 2017-02-27T17:13:31+08:00 ] 127.0.0.1 /guangtianjin/index.php/Home/Back/
INFO: [ app_init ] --START--
INFO: Run Behavior\BuildLiteBehavior [ RunTime:0.000000s ]
INFO: [ app_init ] --END-- [ RunTime:0.001000s ]
INFO: [ app_begin ] --START--
INFO: Run Behavior\ReadHtmlCacheBehavior [ RunTime:0.002000s ]
INFO: [ app_begin ] --END-- [ RunTime:0.002000s ]
SQL: SHOW COLUMNS FROM `g_cate` [ RunTime:0.0120s ]
SQL: SELECT `c_id` FROM `g_cate` WHERE `c_id` = '5' LIMIT 1   [ RunTime:0.0030s ]
NOTIC: [2] call_user_func() expects parameter 1 to be a valid callback, no array or string given D:\wamp\www\guangtianjin\ThinkPHP\Library\Think\Upload.class.php 第 170 行.
SQL: SELECT `c_icon` FROM `g_cate` WHERE `c_id` = '5' LIMIT 1   [ RunTime:0.0020s ]

[ 2017-02-27T17:20:10+08:00 ] 127.0.0.1 /guangtianjin/index.php/Home/Back/
INFO: [ app_init ] --START--
INFO: Run Behavior\BuildLiteBehavior [ RunTime:0.000000s ]
INFO: [ app_init ] --END-- [ RunTime:0.003000s ]
INFO: [ app_begin ] --START--
INFO: Run Behavior\ReadHtmlCacheBehavior [ RunTime:0.002000s ]
INFO: [ app_begin ] --END-- [ RunTime:0.002000s ]
SQL: SHOW COLUMNS FROM `g_cate` [ RunTime:0.0460s ]
SQL: SELECT `c_id` FROM `g_cate` WHERE `c_id` = '5' LIMIT 1   [ RunTime:0.0030s ]
NOTIC: [2] call_user_func() expects parameter 1 to be a valid callback, no array or string given D:\wamp\www\guangtianjin\ThinkPHP\Library\Think\Upload.class.php 第 170 行.
SQL: SELECT `c_icon` FROM `g_cate` WHERE `c_id` = '5' LIMIT 1   [ RunTime:0.0040s ]
SQL: INSERT INTO `g_cate` (`c_icon`) VALUES ('/Public/uploads/cate/icon/5.png') [ RunTime:0.1000s ]

[ 2017-02-27T17:20:54+08:00 ] 127.0.0.1 /guangtianjin/index.php/Home/Back/
INFO: [ app_init ] --START--
INFO: Run Behavior\BuildLiteBehavior [ RunTime:0.000000s ]
INFO: [ app_init ] --END-- [ RunTime:0.002000s ]
INFO: [ app_begin ] --START--
INFO: Run Behavior\ReadHtmlCacheBehavior [ RunTime:0.001000s ]
INFO: [ app_begin ] --END-- [ RunTime:0.001000s ]
SQL: SHOW COLUMNS FROM `g_cate` [ RunTime:0.0100s ]
SQL: SELECT `c_id` FROM `g_cate` WHERE `c_id` = '5' LIMIT 1   [ RunTime:0.0020s ]
NOTIC: [2] call_user_func() expects parameter 1 to be a valid callback, no array or string given D:\wamp\www\guangtianjin\ThinkPHP\Library\Think\Upload.class.php 第 170 行.
SQL: SELECT `c_icon` FROM `g_cate` WHERE `c_id` = '5' LIMIT 1   [ RunTime:0.0030s ]
SQL: INSERT INTO `g_cate` (`c_icon`) VALUES ('/Public/uploads/cate/icon/5.jpg') [ RunTime:0.0030s ]

[ 2017-02-27T17:26:01+08:00 ] 127.0.0.1 /guangtianjin/index.php/Home/Back/
INFO: [ app_init ] --START--
INFO: Run Behavior\BuildLiteBehavior [ RunTime:0.001000s ]
INFO: [ app_init ] --END-- [ RunTime:0.003000s ]
INFO: [ app_begin ] --START--
INFO: Run Behavior\ReadHtmlCacheBehavior [ RunTime:0.003000s ]
INFO: [ app_begin ] --END-- [ RunTime:0.003000s ]
SQL: SHOW COLUMNS FROM `g_cate` [ RunTime:0.0120s ]
SQL: SELECT `c_id` FROM `g_cate` WHERE `c_id` = '5' LIMIT 1   [ RunTime:0.0030s ]
NOTIC: [2] in_array() expects parameter 2 to be array, string given D:\wamp\www\guangtianjin\ThinkPHP\Library\Think\Upload.class.php 第 359 行.
INFO: [ app_end ] --START--
INFO: Run Behavior\ShowPageTraceBehavior [ RunTime:0.076005s ]
INFO: [ app_end ] --END-- [ RunTime:0.076005s ]

[ 2017-02-27T17:26:25+08:00 ] 127.0.0.1 /guangtianjin/index.php/Home/Back/
INFO: [ app_init ] --START--
INFO: Run Behavior\BuildLiteBehavior [ RunTime:0.000000s ]
INFO: [ app_init ] --END-- [ RunTime:0.003000s ]
INFO: [ app_begin ] --START--
INFO: Run Behavior\ReadHtmlCacheBehavior [ RunTime:0.001000s ]
INFO: [ app_begin ] --END-- [ RunTime:0.002000s ]
SQL: SHOW COLUMNS FROM `g_cate` [ RunTime:0.0150s ]
SQL: SELECT `c_id` FROM `g_cate` WHERE `c_id` = '5' LIMIT 1   [ RunTime:0.0030s ]
NOTIC: [2] in_array() expects parameter 2 to be array, string given D:\wamp\www\guangtianjin\ThinkPHP\Library\Think\Upload.class.php 第 359 行.
INFO: [ app_end ] --START--
INFO: Run Behavior\ShowPageTraceBehavior [ RunTime:0.002001s ]
INFO: [ app_end ] --END-- [ RunTime:0.003001s ]

[ 2017-02-27T17:27:57+08:00 ] 127.0.0.1 /guangtianjin/index.php/Home/Back/
INFO: [ app_init ] --START--
INFO: Run Behavior\BuildLiteBehavior [ RunTime:0.000000s ]
INFO: [ app_init ] --END-- [ RunTime:0.002000s ]
INFO: [ app_begin ] --START--
INFO: Run Behavior\ReadHtmlCacheBehavior [ RunTime:0.001000s ]
INFO: [ app_begin ] --END-- [ RunTime:0.002000s ]
SQL: SHOW COLUMNS FROM `g_cate` [ RunTime:0.0150s ]
SQL: SELECT `c_id` FROM `g_cate` WHERE `c_id` = '5' LIMIT 1   [ RunTime:0.0020s ]
NOTIC: [2] call_user_func() expects parameter 1 to be a valid callback, no array or string given D:\wamp\www\guangtianjin\ThinkPHP\Library\Think\Upload.class.php 第 170 行.
SQL: SELECT `c_icon` FROM `g_cate` WHERE `c_id` = '5' LIMIT 1   [ RunTime:0.0050s ]
SQL: INSERT INTO `g_cate` (`c_icon`) VALUES ('/Public/uploads/cate/icon/5.jpg') [ RunTime:0.0020s ]

[ 2017-02-27T17:28:33+08:00 ] 127.0.0.1 /guangtianjin/index.php/Home/Back/
INFO: [ app_init ] --START--
INFO: Run Behavior\BuildLiteBehavior [ RunTime:0.000000s ]
INFO: [ app_init ] --END-- [ RunTime:0.004000s ]
INFO: [ app_begin ] --START--
INFO: Run Behavior\ReadHtmlCacheBehavior [ RunTime:0.005001s ]
INFO: [ app_begin ] --END-- [ RunTime:0.007001s ]
SQL: SHOW COLUMNS FROM `g_cate` [ RunTime:0.0490s ]
SQL: SELECT `c_id` FROM `g_cate` WHERE `c_id` = '5' LIMIT 1   [ RunTime:0.0020s ]
NOTIC: [2] call_user_func() expects parameter 1 to be a valid callback, no array or string given D:\wamp\www\guangtianjin\ThinkPHP\Library\Think\Upload.class.php 第 170 行.
SQL: SELECT `c_icon` FROM `g_cate` WHERE `c_id` = '5' LIMIT 1   [ RunTime:0.0020s ]
SQL: INSERT INTO `g_cate` (`c_icon`) VALUES ('/Public/uploads/cate/icon/5.jpg') [ RunTime:0.0020s ]

[ 2017-02-27T17:28:50+08:00 ] 127.0.0.1 /guangtianjin/index.php/Home/Back/
INFO: [ app_init ] --START--
INFO: Run Behavior\BuildLiteBehavior [ RunTime:0.002000s ]
INFO: [ app_init ] --END-- [ RunTime:0.003000s ]
INFO: [ app_begin ] --START--
INFO: Run Behavior\ReadHtmlCacheBehavior [ RunTime:0.002000s ]
INFO: [ app_begin ] --END-- [ RunTime:0.002000s ]
SQL: SHOW COLUMNS FROM `g_cate` [ RunTime:0.0270s ]
SQL: SELECT `c_id` FROM `g_cate` WHERE `c_id` = '5' LIMIT 1   [ RunTime:0.0050s ]
NOTIC: [2] call_user_func() expects parameter 1 to be a valid callback, no array or string given D:\wamp\www\guangtianjin\ThinkPHP\Library\Think\Upload.class.php 第 170 行.
SQL: SELECT `c_icon` FROM `g_cate` WHERE `c_id` = '5' LIMIT 1   [ RunTime:0.0030s ]
SQL: INSERT INTO `g_cate` (`c_icon`) VALUES ('/Public/uploads/cate/icon/5.jpg') [ RunTime:0.0020s ]

[ 2017-02-27T17:29:11+08:00 ] 127.0.0.1 /guangtianjin/index.php/Home/Back/
INFO: [ app_init ] --START--
INFO: Run Behavior\BuildLiteBehavior [ RunTime:0.000000s ]
INFO: [ app_init ] --END-- [ RunTime:0.001000s ]
INFO: [ app_begin ] --START--
INFO: Run Behavior\ReadHtmlCacheBehavior [ RunTime:0.002000s ]
INFO: [ app_begin ] --END-- [ RunTime:0.002000s ]
SQL: SHOW COLUMNS FROM `g_cate` [ RunTime:0.0090s ]
SQL: SELECT `c_id` FROM `g_cate` WHERE `c_id` = '5' LIMIT 1   [ RunTime:0.0010s ]
NOTIC: [2] call_user_func() expects parameter 1 to be a valid callback, no array or string given D:\wamp\www\guangtianjin\ThinkPHP\Library\Think\Upload.class.php 第 170 行.
SQL: SELECT `c_icon` FROM `g_cate` WHERE `c_id` = '5' LIMIT 1   [ RunTime:0.0010s ]
SQL: INSERT INTO `g_cate` (`c_icon`) VALUES ('/Public/uploads/cate/icon/5.jpg') [ RunTime:0.0010s ]

