[ 2017-03-19T10:57:58+08:00 ] 192.168.3.22 /guangtianjin/
INFO: [ app_init ] --START--
INFO: Run Behavior\BuildLiteBehavior [ RunTime:0.000000s ]
INFO: [ app_init ] --END-- [ RunTime:0.000000s ]
INFO: [ app_begin ] --START--
INFO: Run Behavior\ReadHtmlCacheBehavior [ RunTime:0.001000s ]
INFO: [ app_begin ] --END-- [ RunTime:0.001000s ]
ERR: 非法操作:index

[ 2017-03-19T10:58:18+08:00 ] 192.168.3.22 /guangtianjin/index.php/Home/Back
INFO: [ app_init ] --START--
INFO: Run Behavior\BuildLiteBehavior [ RunTime:0.000000s ]
INFO: [ app_init ] --END-- [ RunTime:0.000000s ]
INFO: [ app_begin ] --START--
INFO: Run Behavior\ReadHtmlCacheBehavior [ RunTime:0.001000s ]
INFO: [ app_begin ] --END-- [ RunTime:0.001000s ]

[ 2017-03-19T11:09:10+08:00 ] 192.168.3.22 /guangtianjin/index.php/Home/Back
INFO: [ app_init ] --START--
INFO: Run Behavior\BuildLiteBehavior [ RunTime:0.000000s ]
INFO: [ app_init ] --END-- [ RunTime:0.001000s ]
INFO: [ app_begin ] --START--
INFO: Run Behavior\ReadHtmlCacheBehavior [ RunTime:0.001000s ]
INFO: [ app_begin ] --END-- [ RunTime:0.001000s ]
SQL: SHOW COLUMNS FROM `g_admin` [ RunTime:0.0860s ]
SQL: SELECT * FROM `g_admin` WHERE `username` = 'admin' AND `password` = 'e10adc3949ba59abbe56e057f20f883e' LIMIT 1   [ RunTime:0.0140s ]

[ 2017-03-19T11:16:35+08:00 ] 192.168.3.22 /guangtianjin/index.php/Home/Back
INFO: [ app_init ] --START--
INFO: Run Behavior\BuildLiteBehavior [ RunTime:0.000000s ]
INFO: [ app_init ] --END-- [ RunTime:0.001000s ]
INFO: [ app_begin ] --START--
INFO: Run Behavior\ReadHtmlCacheBehavior [ RunTime:0.001001s ]
INFO: [ app_begin ] --END-- [ RunTime:0.001001s ]
NOTIC: [2] Invalid argument supplied for foreach() D:\phpStudy\WWW\guangtianjin\Application\Home\Controller\BackController.class.php 第 60 行.
SQL: SHOW COLUMNS FROM `g_article` [ RunTime:2.0481s ]
SQL: SELECT * FROM `g_article`  [ RunTime:0.0010s ]
SQL: SELECT `a_id`,`a_title`,`a_author`,`a_pic`,`a_lock`,`showcount`,`a_time` FROM `g_article` LIMIT 0,4   [ RunTime:0.0000s ]
SQL: SELECT COUNT(a_id) AS tp_count FROM `g_article` LIMIT 1   [ RunTime:0.0010s ]
NOTIC: [8] Undefined index: count D:\phpStudy\WWW\guangtianjin\Application\Home\Controller\BackController.class.php 第 536 行.

[ 2017-03-19T11:17:45+08:00 ] 192.168.3.22 /guangtianjin/index.php
INFO: [ app_init ] --START--
INFO: Run Behavior\BuildLiteBehavior [ RunTime:0.000000s ]
INFO: [ app_init ] --END-- [ RunTime:0.000000s ]
INFO: [ app_begin ] --START--
INFO: Run Behavior\ReadHtmlCacheBehavior [ RunTime:0.000000s ]
INFO: [ app_begin ] --END-- [ RunTime:0.001000s ]
ERR: 非法操作:index

[ 2017-03-19T11:18:43+08:00 ] 192.168.3.22 /guangtianjin/index.php/Home/Back
INFO: [ app_init ] --START--
INFO: Run Behavior\BuildLiteBehavior [ RunTime:0.000000s ]
INFO: [ app_init ] --END-- [ RunTime:0.000000s ]
INFO: [ app_begin ] --START--
INFO: Run Behavior\ReadHtmlCacheBehavior [ RunTime:0.000000s ]
INFO: [ app_begin ] --END-- [ RunTime:0.001000s ]
NOTIC: [2] Invalid argument supplied for foreach() D:\phpStudy\WWW\guangtianjin\Application\Home\Controller\BackController.class.php 第 60 行.
SQL: SHOW COLUMNS FROM `g_article` [ RunTime:2.0101s ]
SQL: SELECT * FROM `g_article` WHERE `c_id` = 4 LIMIT 1   [ RunTime:0.0200s ]
SQL: SELECT `a_id`,`a_title`,`a_author`,`a_pic`,`a_lock`,`showcount`,`a_time` FROM `g_article` WHERE `c_id` = 4 LIMIT 0,4   [ RunTime:0.0010s ]
SQL: SELECT COUNT(a_id) AS tp_count FROM `g_article` WHERE `c_id` = 4 LIMIT 1   [ RunTime:0.0010s ]
SQL: SELECT COUNT(a_id) AS tp_count FROM `g_article` WHERE `c_id` = 4 LIMIT 1   [ RunTime:0.0010s ]

