[ 2017-04-05T12:01:42+08:00 ] 192.168.3.22 /guangtianjin/index.php/Home/Api
INFO: [ app_init ] --START--
INFO: Run Behavior\BuildLiteBehavior [ RunTime:0.000000s ]
INFO: [ app_init ] --END-- [ RunTime:0.001000s ]
INFO: [ app_begin ] --START--
INFO: Run Behavior\ReadHtmlCacheBehavior [ RunTime:0.001000s ]
INFO: [ app_begin ] --END-- [ RunTime:0.001000s ]
SQL: SHOW COLUMNS FROM `g_users_token` [ RunTime:0.0130s ]
SQL: SELECT * FROM `g_users_token` WHERE `token` = 'e1ddffd07f192e4827c96db9d6898557' LIMIT 1   [ RunTime:0.0010s ]

[ 2017-04-05T12:05:20+08:00 ] 192.168.3.22 /guangtianjin/index.php/Home/Api
INFO: [ app_init ] --START--
INFO: Run Behavior\BuildLiteBehavior [ RunTime:0.000000s ]
INFO: [ app_init ] --END-- [ RunTime:0.001000s ]
INFO: [ app_begin ] --START--
INFO: Run Behavior\ReadHtmlCacheBehavior [ RunTime:0.000000s ]
INFO: [ app_begin ] --END-- [ RunTime:0.000000s ]
SQL: SHOW COLUMNS FROM `g_users_token` [ RunTime:0.0140s ]
SQL: SELECT * FROM `g_users_token` WHERE `token` = 'e1ddffd07f192e4827c96db9d6898557' LIMIT 1   [ RunTime:0.0010s ]
SQL: SELECT `u_id` FROM `g_users_token` WHERE `token` = 'e1ddffd07f192e4827c96db9d6898557' LIMIT 1   [ RunTime:0.0010s ]
SQL: SHOW COLUMNS FROM `g_shaddress` [ RunTime:0.0130s ]
SQL: SELECT * FROM `g_shaddress` WHERE `u_id` = '2' AND `name` = '王津' AND `province` = '120000' AND `city` = '120000' AND `region` = '西青区精武镇' AND `address` = '西青区精武镇' AND `zipcode` = '024000' AND `mobile` = '15862547895' AND `fixedTelephone` = '123' LIMIT 1   [ RunTime:0.0010s ]

[ 2017-04-05T12:53:42+08:00 ] 192.168.3.22 /guangtianjin/index.php/Home/Api
INFO: [ app_init ] --START--
INFO: Run Behavior\BuildLiteBehavior [ RunTime:0.000000s ]
INFO: [ app_init ] --END-- [ RunTime:0.000000s ]
INFO: [ app_begin ] --START--
INFO: Run Behavior\ReadHtmlCacheBehavior [ RunTime:0.000000s ]
INFO: [ app_begin ] --END-- [ RunTime:0.000000s ]
SQL: SHOW COLUMNS FROM `g_users_token` [ RunTime:0.0300s ]
SQL: SELECT * FROM `g_users_token` WHERE `token` = 'e1ddffd07f192e4827c96db9d6898557' LIMIT 1   [ RunTime:0.0000s ]
SQL: SELECT `u_id` FROM `g_users_token` WHERE `token` = 'e1ddffd07f192e4827c96db9d6898557' LIMIT 1   [ RunTime:0.0000s ]
SQL: SHOW COLUMNS FROM `g_shaddress` [ RunTime:0.0270s ]
SQL: SELECT * FROM `g_shaddress` WHERE `u_id` = '2' AND `name` = '王津' AND `province` = '120000' AND `city` = '120000' AND `region` = '西青区精武镇' AND `address` = '西青区精武镇' AND `zipcode` = '024000' AND `mobile` = '15862547895' AND `fixedTelephone` = '123' LIMIT 1   [ RunTime:0.0010s ]

[ 2017-04-05T13:34:49+08:00 ] 192.168.3.21 /guangtianjin/index.php/Home/Back/
INFO: [ app_init ] --START--
INFO: Run Behavior\BuildLiteBehavior [ RunTime:0.000000s ]
INFO: [ app_init ] --END-- [ RunTime:0.000000s ]
INFO: [ app_begin ] --START--
INFO: Run Behavior\ReadHtmlCacheBehavior [ RunTime:0.000000s ]
INFO: [ app_begin ] --END-- [ RunTime:0.001000s ]
NOTIC: [2] Invalid argument supplied for foreach() D:\phpStudy\WWW\guangtianjin\Application\Home\Controller\BackController.class.php 第 60 行.
SQL: SHOW COLUMNS FROM `g_article` [ RunTime:0.0150s ]
NOTIC: [8] Undefined index: validate D:\phpStudy\WWW\guangtianjin\ThinkPHP\Library\Think\Model.class.php 第 1185 行.
NOTIC: [8] Undefined index: auto D:\phpStudy\WWW\guangtianjin\ThinkPHP\Library\Think\Model.class.php 第 1128 行.
SQL: SELECT `a_id`,`a_title`,`a_author`,`a_pic`,`a_lock`,`showcount`,`a_time` FROM `g_article` LIMIT 0,10   [ RunTime:0.0000s ]
SQL: SELECT COUNT(a_id) AS tp_count FROM `g_article` LIMIT 1   [ RunTime:0.0000s ]

[ 2017-04-05T13:34:49+08:00 ] 192.168.3.21 /guangtianjin/index.php/Home/Back/
INFO: [ app_init ] --START--
INFO: Run Behavior\BuildLiteBehavior [ RunTime:0.000000s ]
INFO: [ app_init ] --END-- [ RunTime:0.000000s ]
INFO: [ app_begin ] --START--
INFO: Run Behavior\ReadHtmlCacheBehavior [ RunTime:0.001001s ]
INFO: [ app_begin ] --END-- [ RunTime:0.001001s ]
SQL: SHOW COLUMNS FROM `g_cate` [ RunTime:0.0100s ]
SQL: SELECT * FROM `g_cate`  [ RunTime:0.0010s ]

