[ 2017-03-23T11:14:30+08:00 ] 192.168.3.22 /guangtianjin/index.php/Home/Api
INFO: [ app_init ] --START--
INFO: Run Behavior\BuildLiteBehavior [ RunTime:0.000000s ]
INFO: [ app_init ] --END-- [ RunTime:0.000000s ]
INFO: [ app_begin ] --START--
INFO: Run Behavior\ReadHtmlCacheBehavior [ RunTime:0.001000s ]
INFO: [ app_begin ] --END-- [ RunTime:0.001000s ]
SQL: SHOW COLUMNS FROM `g_users_token` [ RunTime:0.0320s ]
SQL: SELECT * FROM `g_users_token` WHERE `token` = 'e1ddffd07f192e4827c96db9d6898557' LIMIT 1   [ RunTime:0.0640s ]
NOTIC: [8] Undefined index: validDate D:\phpStudy\WWW\guangtianjin\Application\Home\Controller\CommonController.class.php 第 111 行.

[ 2017-03-23T11:14:31+08:00 ] 192.168.3.22 /guangtianjin/index.php/Home/Api
INFO: [ app_init ] --START--
INFO: Run Behavior\BuildLiteBehavior [ RunTime:0.000000s ]
INFO: [ app_init ] --END-- [ RunTime:0.001000s ]
INFO: [ app_begin ] --START--
INFO: Run Behavior\ReadHtmlCacheBehavior [ RunTime:0.000000s ]
INFO: [ app_begin ] --END-- [ RunTime:0.000000s ]
SQL: SHOW COLUMNS FROM `g_users_token` [ RunTime:0.0100s ]
SQL: SELECT * FROM `g_users_token` WHERE `token` = 'e1ddffd07f192e4827c96db9d6898557' LIMIT 1   [ RunTime:0.0010s ]
NOTIC: [8] Undefined index: validDate D:\phpStudy\WWW\guangtianjin\Application\Home\Controller\CommonController.class.php 第 111 行.

[ 2017-03-23T11:14:33+08:00 ] 192.168.3.22 /guangtianjin/index.php/Home/Api
INFO: [ app_init ] --START--
INFO: Run Behavior\BuildLiteBehavior [ RunTime:0.000000s ]
INFO: [ app_init ] --END-- [ RunTime:0.000000s ]
INFO: [ app_begin ] --START--
INFO: Run Behavior\ReadHtmlCacheBehavior [ RunTime:0.001000s ]
INFO: [ app_begin ] --END-- [ RunTime:0.001000s ]
SQL: SHOW COLUMNS FROM `g_users_token` [ RunTime:0.0100s ]
SQL: SELECT * FROM `g_users_token` WHERE `token` = 'e1ddffd07f192e4827c96db9d6898557' LIMIT 1   [ RunTime:0.0000s ]
NOTIC: [8] Undefined index: validDate D:\phpStudy\WWW\guangtianjin\Application\Home\Controller\CommonController.class.php 第 111 行.

[ 2017-03-23T11:14:33+08:00 ] 192.168.3.22 /guangtianjin/index.php/Home/Api
INFO: [ app_init ] --START--
INFO: Run Behavior\BuildLiteBehavior [ RunTime:0.000000s ]
INFO: [ app_init ] --END-- [ RunTime:0.001000s ]
INFO: [ app_begin ] --START--
INFO: Run Behavior\ReadHtmlCacheBehavior [ RunTime:0.002000s ]
INFO: [ app_begin ] --END-- [ RunTime:0.002000s ]
SQL: SHOW COLUMNS FROM `g_users_token` [ RunTime:0.0110s ]
SQL: SELECT * FROM `g_users_token` WHERE `token` = 'e1ddffd07f192e4827c96db9d6898557' LIMIT 1   [ RunTime:0.0010s ]
NOTIC: [8] Undefined index: validDate D:\phpStudy\WWW\guangtianjin\Application\Home\Controller\CommonController.class.php 第 111 行.

[ 2017-03-23T11:14:40+08:00 ] 192.168.3.22 /guangtianjin/index.php/Home/Api
INFO: [ app_init ] --START--
INFO: Run Behavior\BuildLiteBehavior [ RunTime:0.000000s ]
INFO: [ app_init ] --END-- [ RunTime:0.000000s ]
INFO: [ app_begin ] --START--
INFO: Run Behavior\ReadHtmlCacheBehavior [ RunTime:0.000000s ]
INFO: [ app_begin ] --END-- [ RunTime:0.000000s ]
SQL: SHOW COLUMNS FROM `g_users_token` [ RunTime:0.0090s ]
SQL: SELECT * FROM `g_users_token` WHERE `token` = 'e1ddffd07f192e4827c96db9d6898557' LIMIT 1   [ RunTime:0.0010s ]
NOTIC: [8] Undefined index: validDate D:\phpStudy\WWW\guangtianjin\Application\Home\Controller\CommonController.class.php 第 111 行.

[ 2017-03-23T11:14:49+08:00 ] 192.168.3.22 /guangtianjin/index.php/Home/Api
INFO: [ app_init ] --START--
INFO: Run Behavior\BuildLiteBehavior [ RunTime:0.000000s ]
INFO: [ app_init ] --END-- [ RunTime:0.000000s ]
INFO: [ app_begin ] --START--
INFO: Run Behavior\ReadHtmlCacheBehavior [ RunTime:0.001000s ]
INFO: [ app_begin ] --END-- [ RunTime:0.001000s ]
SQL: SHOW COLUMNS FROM `g_users_token` [ RunTime:0.0110s ]
SQL: SELECT * FROM `g_users_token` WHERE `token` = 'e1ddffd07f192e4827c96db9d6898557' LIMIT 1   [ RunTime:0.0010s ]
NOTIC: [8] Undefined index: validDate D:\phpStudy\WWW\guangtianjin\Application\Home\Controller\CommonController.class.php 第 111 行.

[ 2017-03-23T11:14:50+08:00 ] 192.168.3.22 /guangtianjin/index.php/Home/Api
INFO: [ app_init ] --START--
INFO: Run Behavior\BuildLiteBehavior [ RunTime:0.000000s ]
INFO: [ app_init ] --END-- [ RunTime:0.001000s ]
INFO: [ app_begin ] --START--
INFO: Run Behavior\ReadHtmlCacheBehavior [ RunTime:0.001000s ]
INFO: [ app_begin ] --END-- [ RunTime:0.001000s ]
SQL: SHOW COLUMNS FROM `g_users_token` [ RunTime:0.0100s ]
SQL: SELECT * FROM `g_users_token` WHERE `token` = 'e1ddffd07f192e4827c96db9d6898557' LIMIT 1   [ RunTime:0.0000s ]
NOTIC: [8] Undefined index: validDate D:\phpStudy\WWW\guangtianjin\Application\Home\Controller\CommonController.class.php 第 111 行.

[ 2017-03-23T11:14:51+08:00 ] 192.168.3.22 /guangtianjin/index.php/Home/Api
INFO: [ app_init ] --START--
INFO: Run Behavior\BuildLiteBehavior [ RunTime:0.000000s ]
INFO: [ app_init ] --END-- [ RunTime:0.001000s ]
INFO: [ app_begin ] --START--
INFO: Run Behavior\ReadHtmlCacheBehavior [ RunTime:0.001000s ]
INFO: [ app_begin ] --END-- [ RunTime:0.001000s ]
SQL: SHOW COLUMNS FROM `g_users_token` [ RunTime:0.0100s ]
SQL: SELECT * FROM `g_users_token` WHERE `token` = 'e1ddffd07f192e4827c96db9d6898557' LIMIT 1   [ RunTime:0.0010s ]
NOTIC: [8] Undefined index: validDate D:\phpStudy\WWW\guangtianjin\Application\Home\Controller\CommonController.class.php 第 111 行.

